--------------------------------------------------------------------------------------------------------------------------------------------
Symbol Table Name: global                                                                                              Parent Name: None
--------------------------------------------------------------------------------------------------------------------------------------------
Name                Type                                    Category            Initial Value       Offset              Size                Nested Table        

factorial           (int) --> (int)                         function                                0                   0                   factorial           
main                int                                     function                                0                   0                   main                
--------------------------------------------------------------------------------------------------------------------------------------------


--------------------------------------------------------------------------------------------------------------------------------------------
Symbol Table Name: factorial                                                                                           Parent Name: global
--------------------------------------------------------------------------------------------------------------------------------------------
Name                Type                                    Category            Initial Value       Offset              Size                Nested Table        

n                   int                                     parameter                               0                   4                   NULL                
return              int                                     local                                   4                   4                   NULL                
t0                  int                                     temporary           0                   8                   4                   NULL                
t1                  int                                     temporary           1                   12                  4                   NULL                
t2                  int                                     temporary           1                   16                  4                   NULL                
t3                  int                                     temporary                               20                  4                   NULL                
t4                  int                                     temporary                               24                  4                   NULL                
t5                  int                                     temporary                               28                  4                   NULL                
--------------------------------------------------------------------------------------------------------------------------------------------


--------------------------------------------------------------------------------------------------------------------------------------------
Symbol Table Name: main                                                                                                Parent Name: global
--------------------------------------------------------------------------------------------------------------------------------------------
Name                Type                                    Category            Initial Value       Offset              Size                Nested Table        

n                   int                                     local               5                   0                   4                   NULL                
printInt            int                                     local                                   4                   4                   NULL                
printStr            int                                     local                                   8                   4                   NULL                
r                   int                                     local                                   12                  4                   NULL                
return              int                                     local                                   16                  4                   NULL                
t10                 int                                     temporary                               20                  4                   NULL                
t11                 int                                     temporary                               24                  4                   NULL                
t12                 int                                     temporary           0                   28                  4                   NULL                
t6                  int                                     temporary           5                   32                  4                   NULL                
t7                  int                                     temporary                               36                  4                   NULL                
t8                  int                                     temporary                               40                  4                   NULL                
t9                  ptr(char)                               temporary           "! = "              44                  4                   NULL                
--------------------------------------------------------------------------------------------------------------------------------------------


============================================================================================================================================
                              Quad Array
============================================================================================================================================
Op                  arg1                arg2                result              Index               Code in text
       --------------------------------------------------------------------------------------------------------------------------------------------
=                   0                                       t0                  1                   	t0 = 0
==                  n                   t0                  5                   2                   	if n == t0 goto 5
goto                                                        8                   3                   	goto 8
goto                                                        14                  4                   	goto 14
=                   1                                       t1                  5                   	t1 = 1
return                                                      t1                  6                   	return t1
goto                                                                            7                   	goto 
=                   1                                       t2                  8                   	t2 = 1
-                   n                   t2                  t3                  9                   	t3 = n - t2
param                                                       t3                  10                  	param t3
call                factorial           1                   t4                  11                  	t4 = call factorial, 1
*                   n                   t4                  t5                  12                  	t5 = n * t4
return                                                      t5                  13                  	return t5
=                   5                                       t6                  14                  	t6 = 5
=                   t6                                      n                   15                  	n = t6
param                                                       n                   16                  	param n
call                factorial           1                   t7                  17                  	t7 = call factorial, 1
=                   t7                                      r                   18                  	r = t7
param                                                       n                   19                  	param n
call                printInt            1                   t8                  20                  	t8 = call printInt, 1
param                                                       t9                  21                  	param t9
call                printStr            1                   t10                 22                  	t10 = call printStr, 1
param                                                       r                   23                  	param r
call                printInt            1                   t11                 24                  	t11 = call printInt, 1
=                   0                                       t12                 25                  	t12 = 0
return                                                      t12                 26                  	return t12
